<?xml version="1.0" encoding="UTF-8"?>
<!-- Generated by org.testng.reporters.JUnitReportReporter -->
<testsuite skipped="0" hostname="LAPTOP-VQNA19QV" name="Assinmaent1.slider" tests="4" failures="0" timestamp="12 Aug 2023 07:21:20 GMT" time="61.224" errors="0">
  <testcase name="test2" time="11.492" classname="Assinmaent1.slider"/>
  <testcase name="test1" time="22.766" classname="Assinmaent1.slider"/>
  <testcase name="test3" time="8.499" classname="Assinmaent1.slider"/>
  <testcase name="test4" time="18.467" classname="Assinmaent1.slider"/>
</testsuite> <!-- Assinmaent1.slider -->
